 >> Lets Start logging...
--------------------------------------------
Maximum no. of roots...........: 50
Lower bound....................:  -10.0000
Upper bound....................:   10.0000
Step width.....................:    0.0500
Precision......................:  0.100E-06
Step width of the derivative...:  0.100E-01
Maximum no. of iterations......:100
--------------------------------------------
roots        1:   -6.2832  , f(x)=   0.120E+06
roots        2:  -18.8496  , f(x)=   0.156E+06
roots        3:  -18.8496  , f(x)=   0.210E+06
roots        4:   -6.2832  , f(x)=   0.295E+06
roots        5:  -18.8496  , f(x)=   0.437E+06
roots        6:    0.3333  , f(x)=   0.696E+06
roots        7:  -20.0000  , f(x)=   0.122E+07
roots        8:  -18.8496  , f(x)=   0.251E+07
roots        9:  -31.4159  , f(x)=   0.663E+07
roots       10:  -18.8496  , f(x)=   0.295E+08
roots       11:  -18.8496  , f(x)=   0.756E+09
roots       12:   -6.2832  , f(x)=  -0.770E+09
roots       13:   -6.2832  , f(x)=  -0.270E+08
roots       14:   -6.2832  , f(x)=  -0.562E+07
roots       15:   -6.2832  , f(x)=  -0.197E+07
roots       16:   -6.2832  , f(x)=  -0.895E+06
roots       17:   -6.2832  , f(x)=  -0.473E+06
roots       18:   -6.2832  , f(x)=  -0.276E+06
roots       19:   -6.2832  , f(x)=  -0.174E+06
roots       20:   -6.2832  , f(x)=  -0.115E+06
roots       21:   -6.2832  , f(x)=  -0.795E+05
roots       22:   -6.2832  , f(x)=  -0.568E+05
roots       23:   -6.2832  , f(x)=  -0.417E+05
roots       24:   -6.2832  , f(x)=  -0.313E+05
roots       25:   -6.2832  , f(x)=  -0.240E+05
roots       26:   -6.2832  , f(x)=  -0.186E+05
roots       27:   -6.2832  , f(x)=  -0.147E+05
roots       28:   -6.2832  , f(x)=  -0.118E+05
roots       29:   -6.2832  , f(x)=  -0.949E+04
roots       30:   -6.2832  , f(x)=  -0.773E+04
roots       31:   -6.2832  , f(x)=  -0.636E+04
roots       32:   -6.2832  , f(x)=  -0.527E+04
roots       33:   -6.2832  , f(x)=  -0.439E+04
roots       34:   -6.2832  , f(x)=  -0.368E+04
roots       35:   -6.2832  , f(x)=  -0.311E+04
roots       36:   -6.2832  , f(x)=  -0.264E+04
roots       37:   -6.2832  , f(x)=  -0.224E+04
roots       38:   -6.2832  , f(x)=  -0.192E+04
roots       39:   -6.2832  , f(x)=  -0.165E+04
roots       40:   -6.2832  , f(x)=  -0.142E+04
roots       41:   -6.2832  , f(x)=  -0.123E+04
roots       42:   -6.2832  , f(x)=  -0.106E+04
roots       43:   -6.2832  , f(x)=  -0.921E+03
roots       44:   -6.2832  , f(x)=  -0.801E+03
roots       45:   -6.2832  , f(x)=  -0.699E+03
roots       46:   -6.2832  , f(x)=  -0.610E+03
roots       47:   -6.2832  , f(x)=  -0.533E+03
roots       48:   -6.2832  , f(x)=  -0.467E+03
roots       49:   -6.2832  , f(x)=  -0.409E+03
roots       50:   -6.2832  , f(x)=  -0.359E+03
roots       51:   -6.2832  , f(x)=  -0.315E+03
roots       52:   -6.2832  , f(x)=  -0.276E+03
roots       53:   -6.2832  , f(x)=  -0.242E+03
roots       54:   -6.2832  , f(x)=  -0.212E+03
roots       55:   -6.2832  , f(x)=  -0.186E+03
roots       56:   -6.2832  , f(x)=  -0.163E+03
roots       57:   -6.2832  , f(x)=  -0.143E+03
roots       58:   -6.2832  , f(x)=  -0.124E+03
roots       59:   -6.2832  , f(x)=  -0.108E+03
roots       60:   -6.2832  , f(x)=  -0.941E+02
roots       61:   -6.2832  , f(x)=  -0.815E+02
roots       62:   -6.2832  , f(x)=  -0.702E+02
roots       63:   -6.2832  , f(x)=  -0.602E+02
roots       64:   -6.2832  , f(x)=  -0.513E+02
roots       65:   -6.2832  , f(x)=  -0.433E+02
roots       66:   -6.2832  , f(x)=  -0.362E+02
roots       67:   -6.2832  , f(x)=  -0.298E+02
roots       68:   -6.2832  , f(x)=  -0.242E+02
roots       69:   -6.2832  , f(x)=  -0.191E+02
roots       70:   -6.2832  , f(x)=  -0.146E+02
roots       71:   -6.2832  , f(x)=  -0.106E+02
roots       72:   -6.2832  , f(x)=  -0.698E+01
roots       73:   -6.2832  , f(x)=  -0.376E+01
roots       74:   -6.2832  , f(x)=  -0.894E+00
roots       75:   -6.2832  , f(x)=   0.167E+01
roots       76:   -6.2832  , f(x)=   0.395E+01
roots       77:   -6.2832  , f(x)=   0.598E+01
roots       78:   -6.2832  , f(x)=   0.778E+01
roots       79:   -6.2832  , f(x)=   0.939E+01
roots       80:   -6.2832  , f(x)=   0.108E+02
roots       81:   -6.2832  , f(x)=   0.121E+02
roots       82:   -6.2832  , f(x)=   0.132E+02
roots       83:   -6.2832  , f(x)=   0.142E+02
roots       84:   -6.2832  , f(x)=   0.150E+02
roots       85:   -6.2832  , f(x)=   0.158E+02
roots       86:   -6.2832  , f(x)=   0.164E+02
roots       87:   -6.2832  , f(x)=   0.170E+02
roots       88:   -6.2832  , f(x)=   0.175E+02
roots       89:   -6.2832  , f(x)=   0.179E+02
roots       90:   -6.2832  , f(x)=   0.182E+02
roots       91:   -6.2832  , f(x)=   0.185E+02
roots       92:  -18.8496  , f(x)=   0.187E+02
roots       93:  -18.8496  , f(x)=   0.189E+02
roots       94:  -18.8496  , f(x)=   0.191E+02
roots       95:  -18.8496  , f(x)=   0.192E+02
roots       96:  -18.8496  , f(x)=   0.192E+02
roots       97:  -56.5487  , f(x)=   0.193E+02
roots       98:  169.6460  , f(x)=   0.193E+02
roots       99:   18.8496  , f(x)=   0.192E+02
roots      100:   31.4159  , f(x)=   0.192E+02
roots      101:    6.2832  , f(x)=   0.191E+02
roots      102:    6.2832  , f(x)=   0.191E+02
roots      103:    6.2832  , f(x)=   0.190E+02
roots      104:    6.2832  , f(x)=   0.189E+02
roots      105:    6.2832  , f(x)=   0.187E+02
roots      106:    6.2832  , f(x)=   0.186E+02
roots      107:    0.3333  , f(x)=   0.185E+02
roots      108:    0.3333  , f(x)=   0.183E+02
roots      109:    0.3333  , f(x)=   0.181E+02
roots      110:    0.3333  , f(x)=   0.180E+02
roots      111:    0.3333  , f(x)=   0.178E+02
roots      112:    0.3333  , f(x)=   0.176E+02
roots      113:    0.3333  , f(x)=   0.174E+02
roots      114:    0.3333  , f(x)=   0.172E+02
roots      115:    0.3333  , f(x)=   0.170E+02
roots      116:    0.3333  , f(x)=   0.168E+02
roots      117:    0.3333  , f(x)=   0.166E+02
roots      118:    0.3333  , f(x)=   0.164E+02
roots      119:    0.3333  , f(x)=   0.162E+02
roots      120:    0.3333  , f(x)=   0.160E+02
roots      121:    0.3333  , f(x)=   0.158E+02
roots      122:    0.3333  , f(x)=   0.156E+02
roots      123:    0.3333  , f(x)=   0.154E+02
roots      124:    0.3333  , f(x)=   0.152E+02
roots      125:    0.3333  , f(x)=   0.150E+02
roots      126:    0.3333  , f(x)=   0.148E+02
roots      127:    0.3333  , f(x)=   0.146E+02
roots      128:    0.3333  , f(x)=   0.144E+02
roots      129:    0.3333  , f(x)=   0.142E+02
roots      130:    0.3333  , f(x)=   0.140E+02
roots      131:    0.3333  , f(x)=   0.138E+02
roots      132:    0.3333  , f(x)=   0.136E+02
roots      133:    0.3333  , f(x)=   0.134E+02
roots      134:    0.3333  , f(x)=   0.132E+02
roots      135:    0.3333  , f(x)=   0.130E+02
roots      136:    0.3333  , f(x)=   0.128E+02
roots      137:    0.3333  , f(x)=   0.126E+02
roots      138:    0.3333  , f(x)=   0.124E+02
roots      139:    0.3333  , f(x)=   0.123E+02
roots      140:    0.3333  , f(x)=   0.121E+02
roots      141:    0.3333  , f(x)=   0.119E+02
roots      142:    0.3333  , f(x)=   0.117E+02
roots      143:    0.3333  , f(x)=   0.115E+02
roots      144:    0.3333  , f(x)=   0.114E+02
roots      145:    0.3333  , f(x)=   0.112E+02
roots      146:    0.3333  , f(x)=   0.110E+02
roots      147:    0.3333  , f(x)=   0.108E+02
roots      148:    0.3333  , f(x)=   0.107E+02
roots      149:    0.3333  , f(x)=   0.105E+02
roots      150:    0.3333  , f(x)=   0.103E+02
roots      151:    0.3333  , f(x)=   0.102E+02
roots      152:    0.3333  , f(x)=   0.100E+02
roots      153:    0.3333  , f(x)=   0.984E+01
roots      154:    0.3333  , f(x)=   0.967E+01
roots      155:    0.3333  , f(x)=   0.951E+01
roots      156:    0.3333  , f(x)=   0.935E+01
roots      157:    0.3333  , f(x)=   0.920E+01
roots      158:    0.3333  , f(x)=   0.904E+01
roots      159:    0.3333  , f(x)=   0.888E+01
roots      160:    0.3333  , f(x)=   0.873E+01
roots      161:    0.3333  , f(x)=   0.858E+01
roots      162:    0.3333  , f(x)=   0.842E+01
roots      163:    0.3333  , f(x)=   0.827E+01
roots      164:    0.3333  , f(x)=   0.812E+01
roots      165:    0.3333  , f(x)=   0.797E+01
roots      166:    0.3333  , f(x)=   0.782E+01
roots      167:    0.3333  , f(x)=   0.767E+01
roots      168:    0.3333  , f(x)=   0.752E+01
roots      169:    0.3333  , f(x)=   0.737E+01
roots      170:    0.3333  , f(x)=   0.722E+01
roots      171:    0.3333  , f(x)=   0.707E+01
roots      172:    0.3333  , f(x)=   0.693E+01
roots      173:    0.3333  , f(x)=   0.678E+01
roots      174:    0.3333  , f(x)=   0.663E+01
roots      175:    0.3333  , f(x)=   0.648E+01
roots      176:    0.3333  , f(x)=   0.633E+01
roots      177:    0.3333  , f(x)=   0.618E+01
roots      178:    0.3333  , f(x)=   0.603E+01
roots      179:    0.3333  , f(x)=   0.588E+01
roots      180:    0.3333  , f(x)=   0.572E+01
roots      181:    0.3333  , f(x)=   0.557E+01
roots      182:    0.3333  , f(x)=   0.541E+01
roots      183:    0.3333  , f(x)=   0.526E+01
roots      184:    0.3333  , f(x)=   0.510E+01
roots      185:    0.3333  , f(x)=   0.494E+01
roots      186:    0.3333  , f(x)=   0.477E+01
roots      187:    0.3333  , f(x)=   0.460E+01
roots      188:    0.3333  , f(x)=   0.443E+01
roots      189:    0.3333  , f(x)=   0.426E+01
roots      190:    0.3333  , f(x)=   0.408E+01
roots      191:    0.3333  , f(x)=   0.390E+01
roots      192:    0.3333  , f(x)=   0.372E+01
roots      193:    0.3333  , f(x)=   0.353E+01
roots      194:    0.3333  , f(x)=   0.333E+01
roots      195:    0.3333  , f(x)=   0.313E+01
roots      196:    0.3333  , f(x)=   0.292E+01
roots      197:    0.3333  , f(x)=   0.270E+01
roots      198:    0.3333  , f(x)=   0.248E+01
roots      199:    0.3333  , f(x)=   0.224E+01
roots      200:    0.3333  , f(x)=   0.200E+01
roots      201:    0.3333  , f(x)=   0.174E+01
roots      202:    0.3333  , f(x)=   0.148E+01
roots      203:    0.3333  , f(x)=   0.119E+01
roots      204:    0.3333  , f(x)=   0.893E+00
roots      205:    0.3333  , f(x)=   0.576E+00
roots      206:    0.3333  , f(x)=   0.238E+00
roots      207:    0.3333  , f(x)=  -0.123E+00
roots      208:    0.3333  , f(x)=  -0.511E+00
roots      209:    0.3333  , f(x)=  -0.929E+00
roots      210:    0.3333  , f(x)=  -0.138E+01
roots      211:    0.3333  , f(x)=  -0.187E+01
roots      212:    0.3333  , f(x)=  -0.242E+01
roots      213:    0.3333  , f(x)=  -0.301E+01
roots      214:    0.3333  , f(x)=  -0.367E+01
roots      215:    0.3333  , f(x)=  -0.442E+01
roots      216:    0.3333  , f(x)=  -0.525E+01
roots      217:    0.3333  , f(x)=  -0.621E+01
roots      218:    0.3333  , f(x)=  -0.731E+01
roots      219:    0.3333  , f(x)=  -0.860E+01
roots      220:    0.3333  , f(x)=  -0.101E+02
roots      221:    0.3333  , f(x)=  -0.120E+02
roots      222:    0.3333  , f(x)=  -0.142E+02
roots      223:    0.3333  , f(x)=  -0.171E+02
roots      224:    0.3333  , f(x)=  -0.209E+02
roots      225:    0.3333  , f(x)=  -0.261E+02
roots      226:    0.3333  , f(x)=  -0.337E+02
roots      227:    0.3333  , f(x)=  -0.457E+02
roots      228:    0.3333  , f(x)=  -0.682E+02
roots      229:    0.3333  , f(x)=  -0.125E+03
roots      230:    0.3333  , f(x)=  -0.531E+03
roots      231:    6.2832  , f(x)=   0.261E+03
roots      232:    6.2832  , f(x)=   0.109E+03
roots      233:    6.2832  , f(x)=   0.706E+02
roots      234:    6.2832  , f(x)=   0.530E+02
roots      235:    6.2832  , f(x)=   0.429E+02
roots      236:    6.2832  , f(x)=   0.364E+02
roots      237:    6.2832  , f(x)=   0.318E+02
roots      238:    6.2832  , f(x)=   0.284E+02
roots      239:    6.2832  , f(x)=   0.257E+02
roots      240:    6.2832  , f(x)=   0.236E+02
roots      241:    6.2832  , f(x)=   0.219E+02
roots      242:    6.2832  , f(x)=   0.205E+02
roots      243:    6.2832  , f(x)=   0.193E+02
roots      244:    6.2832  , f(x)=   0.183E+02
roots      245:    6.2832  , f(x)=   0.174E+02
roots      246:    6.2832  , f(x)=   0.166E+02
roots      247:    6.2832  , f(x)=   0.159E+02
roots      248:    6.2832  , f(x)=   0.152E+02
roots      249:    6.2832  , f(x)=   0.147E+02
roots      250:    6.2832  , f(x)=   0.142E+02
roots      251:    6.2832  , f(x)=   0.137E+02
roots      252:    6.2832  , f(x)=   0.133E+02
roots      253:    6.2832  , f(x)=   0.129E+02
roots      254:    6.2832  , f(x)=   0.125E+02
roots      255:    6.2832  , f(x)=   0.122E+02
roots      256:    6.2832  , f(x)=   0.119E+02
roots      257:    6.2832  , f(x)=   0.116E+02
roots      258:    6.2832  , f(x)=   0.113E+02
roots      259:    6.2832  , f(x)=   0.111E+02
roots      260:    6.2832  , f(x)=   0.108E+02
roots      261:    6.2832  , f(x)=   0.106E+02
roots      262:    6.2832  , f(x)=   0.104E+02
roots      263:    6.2832  , f(x)=   0.102E+02
roots      264:    6.2832  , f(x)=   0.995E+01
roots      265:    6.2832  , f(x)=   0.976E+01
roots      266:    6.2832  , f(x)=   0.958E+01
roots      267:    6.2832  , f(x)=   0.941E+01
roots      268:    6.2832  , f(x)=   0.924E+01
roots      269:    6.2832  , f(x)=   0.907E+01
roots      270:    6.2832  , f(x)=   0.891E+01
roots      271:    6.2832  , f(x)=   0.876E+01
roots      272:    6.2832  , f(x)=   0.861E+01
roots      273:    6.2832  , f(x)=   0.847E+01
roots      274:    6.2832  , f(x)=   0.833E+01
roots      275:    6.2832  , f(x)=   0.819E+01
roots      276:    6.2832  , f(x)=   0.805E+01
roots      277:    6.2832  , f(x)=   0.792E+01
roots      278:    6.2832  , f(x)=   0.779E+01
roots      279:    6.2832  , f(x)=   0.766E+01
roots      280:    6.2832  , f(x)=   0.754E+01
roots      281:    6.2832  , f(x)=   0.741E+01
roots      282:    6.2832  , f(x)=   0.729E+01
roots      283:    6.2832  , f(x)=   0.717E+01
roots      284:    6.2832  , f(x)=   0.705E+01
roots      285:    6.2832  , f(x)=   0.693E+01
roots      286:    6.2832  , f(x)=   0.681E+01
roots      287:    6.2832  , f(x)=   0.669E+01
roots      288:    6.2832  , f(x)=   0.657E+01
roots      289:    6.2832  , f(x)=   0.645E+01
roots      290:    6.2832  , f(x)=   0.633E+01
roots      291:    6.2832  , f(x)=   0.621E+01
roots      292:    6.2832  , f(x)=   0.608E+01
roots      293:    6.2832  , f(x)=   0.596E+01
roots      294:    6.2832  , f(x)=   0.584E+01
roots      295:    6.2832  , f(x)=   0.572E+01
roots      296:    6.2832  , f(x)=   0.559E+01
roots      297:    6.2832  , f(x)=   0.546E+01
roots      298:    6.2832  , f(x)=   0.533E+01
roots      299:    6.2832  , f(x)=   0.520E+01
roots      300:    6.2832  , f(x)=   0.507E+01
roots      301:    6.2832  , f(x)=   0.493E+01
roots      302:    6.2832  , f(x)=   0.479E+01
roots      303:    6.2832  , f(x)=   0.465E+01
roots      304:    6.2832  , f(x)=   0.451E+01
roots      305:    6.2832  , f(x)=   0.436E+01
roots      306:    6.2832  , f(x)=   0.421E+01
roots      307:    6.2832  , f(x)=   0.405E+01
roots      308:    6.2832  , f(x)=   0.390E+01
roots      309:    6.2832  , f(x)=   0.373E+01
roots      310:    6.2832  , f(x)=   0.356E+01
roots      311:    6.2832  , f(x)=   0.339E+01
roots      312:    6.2832  , f(x)=   0.321E+01
roots      313:    6.2832  , f(x)=   0.303E+01
roots      314:    6.2832  , f(x)=   0.283E+01
roots      315:    6.2832  , f(x)=   0.264E+01
roots      316:    6.2832  , f(x)=   0.243E+01
roots      317:    6.2832  , f(x)=   0.222E+01
roots      318:    6.2832  , f(x)=   0.200E+01
roots      319:    6.2832  , f(x)=   0.177E+01
roots      320:    6.2832  , f(x)=   0.154E+01
roots      321:    6.2832  , f(x)=   0.129E+01
roots      322:    6.2832  , f(x)=   0.103E+01
roots      323:    6.2832  , f(x)=   0.767E+00
roots      324:    6.2832  , f(x)=   0.489E+00
roots      325:    6.2832  , f(x)=   0.199E+00
roots      326:    6.2832  , f(x)=  -0.103E+00
roots      327:    6.2832  , f(x)=  -0.420E+00
roots      328:    6.2832  , f(x)=  -0.750E+00
roots      329:    6.2832  , f(x)=  -0.110E+01
roots      330:    6.2832  , f(x)=  -0.146E+01
roots      331:    6.2832  , f(x)=  -0.184E+01
roots      332:    6.2832  , f(x)=  -0.224E+01
roots      333:    6.2832  , f(x)=  -0.266E+01
roots      334:    6.2832  , f(x)=  -0.310E+01
roots      335:    6.2832  , f(x)=  -0.356E+01
roots      336:    6.2832  , f(x)=  -0.405E+01
roots      337:    6.2832  , f(x)=  -0.456E+01
roots      338:    6.2832  , f(x)=  -0.510E+01
roots      339:    6.2832  , f(x)=  -0.567E+01
roots      340:    6.2832  , f(x)=  -0.627E+01
roots      341:    6.2832  , f(x)=  -0.691E+01
roots      342:    6.2832  , f(x)=  -0.759E+01
roots      343:    6.2832  , f(x)=  -0.830E+01
roots      344:    6.2832  , f(x)=  -0.906E+01
roots      345:    6.2832  , f(x)=  -0.986E+01
roots      346:    6.2832  , f(x)=  -0.107E+02
roots      347:    6.2832  , f(x)=  -0.116E+02
roots      348:    6.2832  , f(x)=  -0.126E+02
roots      349:    6.2832  , f(x)=  -0.136E+02
roots      350:    6.2832  , f(x)=  -0.147E+02
roots      351:    6.2832  , f(x)=  -0.159E+02
roots      352:    6.2832  , f(x)=  -0.172E+02
roots      353:    6.2832  , f(x)=  -0.185E+02
roots      354:    6.2832  , f(x)=  -0.200E+02
roots      355:    6.2832  , f(x)=  -0.215E+02
roots      356:    6.2832  , f(x)=  -0.232E+02
roots      357:    6.2832  , f(x)=  -0.250E+02
roots      358:    6.2832  , f(x)=  -0.270E+02
roots      359:    6.2832  , f(x)=  -0.291E+02
roots      360:    6.2832  , f(x)=  -0.314E+02
roots      361:    6.2832  , f(x)=  -0.339E+02
roots      362:    6.2832  , f(x)=  -0.367E+02
roots      363:    6.2832  , f(x)=  -0.397E+02
roots      364:    6.2832  , f(x)=  -0.430E+02
roots      365:    6.2832  , f(x)=  -0.466E+02
roots      366:    6.2832  , f(x)=  -0.506E+02
roots      367:    6.2832  , f(x)=  -0.550E+02
roots      368:    6.2832  , f(x)=  -0.599E+02
roots      369:    6.2832  , f(x)=  -0.654E+02
roots      370:    6.2832  , f(x)=  -0.715E+02
roots      371:    6.2832  , f(x)=  -0.784E+02
roots      372:    6.2832  , f(x)=  -0.863E+02
roots      373:    6.2832  , f(x)=  -0.953E+02
roots      374:    6.2832  , f(x)=  -0.106E+03
roots      375:    6.2832  , f(x)=  -0.118E+03
roots      376:    6.2832  , f(x)=  -0.132E+03
roots      377:    6.2832  , f(x)=  -0.148E+03
roots      378:    6.2832  , f(x)=  -0.169E+03
roots      379:    6.2832  , f(x)=  -0.193E+03
roots      380:    6.2832  , f(x)=  -0.224E+03
roots      381:    6.2832  , f(x)=  -0.263E+03
roots      382:    6.2832  , f(x)=  -0.314E+03
roots      383:    6.2832  , f(x)=  -0.385E+03
roots      384:    6.2832  , f(x)=  -0.487E+03
roots      385:    6.2832  , f(x)=  -0.649E+03
roots      386:    6.2832  , f(x)=  -0.942E+03
roots      387:    6.2832  , f(x)=  -0.163E+04
roots      388:    6.2832  , f(x)=  -0.510E+04
roots      389:  119.3805  , f(x)=   0.519E+04
roots      390:   18.8496  , f(x)=   0.180E+04
roots      391:    6.2832  , f(x)=   0.112E+04
roots      392:   18.8496  , f(x)=   0.832E+03
roots      393:    6.2832  , f(x)=   0.671E+03
roots      394:    6.2832  , f(x)=   0.570E+03
roots      395:   18.8496  , f(x)=   0.500E+03
roots      396:   18.8496  , f(x)=   0.450E+03
roots      397:   18.8496  , f(x)=   0.412E+03
roots      398:  -18.8496  , f(x)=   0.383E+03
roots      399:    6.2832  , f(x)=   0.359E+03
 --------------------------------------------
 Roots after removing repeated values
Root              1--->    6.2832
Root              2--->    0.3333
Root              3--->   -6.2832
 --------------------------------------------
 >> Close log file...
