 -----------------------------------
 --------- Input Matrices ----------
 -----------------------------------
Matrix -A
                  11.00                  15.00                  91.00
                  19.00                  61.00                  28.00
Matrix -B
                  23.00                  43.00                  54.00                  76.00                  90.00                  25.00                  76.00
                  56.00                  76.00                  94.00                  71.00                  32.00                  90.00                  56.00
                  46.00                  87.00                  24.00                  76.00                  89.00                  35.00                 -10.00
Matrix -C
                  91.00                  98.00                  76.00                 498.00                  65.00                  96.00                 721.00                  28.00
                  22.00                  23.00                  34.00                 456.00                  75.00                  65.00                 117.00                  84.00
                  74.00                  42.00                  32.10                  45.00                  95.00                  26.00                  70.00                  81.00
                  78.00                  96.00                  10.90                  64.00                  85.00                  64.00                  75.50                  78.80
                  90.00                  54.00                  35.00                  98.70                  57.00                  16.00                  66.70                  54.80
                  54.00                  89.00                  89.00                  43.40                  56.00                  10.60                  73.00                  45.80
                  23.00                  32.00                  73.00                  40.10                  55.00                  56.60                  73.00                  80.00
Matrix -D
                 109.00                  11.00                  21.00                  12.00                 121.00                 111.00                  21.00                  21.00                  31.00
                 122.00                  32.00                  32.00                  23.00                 223.00                 222.00                  42.00                  12.00                  42.00
                 353.00                  53.00                  43.00                  34.00                 332.00                 333.00                  93.00                  93.00                  35.00
                 444.00                  44.00                  54.00                  45.00                 442.00                 455.00                  84.00                  84.00                  47.00
                 523.00                  75.00                  65.00                  56.00                 556.00                 577.00                  57.00                  57.00                  65.00
                 652.00                  96.00                  76.00                  67.00                 635.00                 666.00                  65.00                  66.00                  76.00
                  78.00                 745.00                  87.00                  78.00                 777.00                 799.00                  47.00                  75.00                  87.00
                  28.00                 823.00                  98.00                  89.00                 890.00                 812.00                  28.00                  84.00                  89.00
Matrix -E
                  90.10                 341.00
                 156.00                  99.10
                   1.40                 143.00
                 431.00                   1.89
                   2.32                 124.00
                 344.00                  16.10
                   5.21                 100.00
                 908.00                  10.90
                  21.10                   1.54
 -----------------------------------
 ---------Output Result-------------
 -----------------------------------
Matrix -Output
      10469680175590.88       6611412681515.33
      10624769110192.52       6675058373263.01
